Mon Jan 14 06:10:55 CET 2013  [debug] AvalonLogSystem initialized using logfile 'velocity.log'
Mon Jan 14 06:10:55 CET 2013   [info] ************************************************************** 
Mon Jan 14 06:10:55 CET 2013   [info] Starting Jakarta Velocity v1.4
Mon Jan 14 06:10:55 CET 2013   [info] RuntimeInstance initializing.
Mon Jan 14 06:10:55 CET 2013   [info] Default Properties File: org\apache\velocity\runtime\defaults\velocity.properties
Mon Jan 14 06:10:55 CET 2013   [info] Trying to use logger class org.apache.velocity.runtime.log.AvalonLogSystem
Mon Jan 14 06:10:55 CET 2013   [info] Using logger class org.apache.velocity.runtime.log.AvalonLogSystem
Mon Jan 14 06:10:55 CET 2013   [info] Default ResourceManager initializing. (class org.apache.velocity.runtime.resource.ResourceManagerImpl)
Mon Jan 14 06:10:55 CET 2013   [info] Resource Loader Instantiated: org.apache.velocity.runtime.resource.loader.FileResourceLoader
Mon Jan 14 06:10:55 CET 2013   [info] FileResourceLoader : initialization starting.
Mon Jan 14 06:10:55 CET 2013   [info] FileResourceLoader : adding path '.'
Mon Jan 14 06:10:55 CET 2013   [info] FileResourceLoader : initialization complete.
Mon Jan 14 06:10:55 CET 2013   [info] ResourceCache : initialized. (class org.apache.velocity.runtime.resource.ResourceCacheImpl)
Mon Jan 14 06:10:55 CET 2013   [info] Default ResourceManager initialization complete.
Mon Jan 14 06:10:55 CET 2013   [info] Loaded System Directive: org.apache.velocity.runtime.directive.Literal
Mon Jan 14 06:10:55 CET 2013   [info] Loaded System Directive: org.apache.velocity.runtime.directive.Macro
Mon Jan 14 06:10:55 CET 2013   [info] Loaded System Directive: org.apache.velocity.runtime.directive.Parse
Mon Jan 14 06:10:55 CET 2013   [info] Loaded System Directive: org.apache.velocity.runtime.directive.Include
Mon Jan 14 06:10:55 CET 2013   [info] Loaded System Directive: org.apache.velocity.runtime.directive.Foreach
Mon Jan 14 06:10:55 CET 2013   [info] Created: 20 parsers.
Mon Jan 14 06:10:55 CET 2013   [info] Velocimacro : initialization starting.
Mon Jan 14 06:10:55 CET 2013   [info] Velocimacro : adding VMs from VM library template : VM_global_library.vm
Mon Jan 14 06:10:55 CET 2013  [error] ResourceManager : unable to find resource 'VM_global_library.vm' in any resource loader.
Mon Jan 14 06:10:55 CET 2013   [info] Velocimacro : error using  VM library template VM_global_library.vm : org.apache.velocity.exception.ResourceNotFoundException: Unable to find resource 'VM_global_library.vm'
Mon Jan 14 06:10:55 CET 2013   [info] Velocimacro :  VM library template macro registration complete.
Mon Jan 14 06:10:55 CET 2013   [info] Velocimacro : allowInline = true : VMs can be defined inline in templates
Mon Jan 14 06:10:55 CET 2013   [info] Velocimacro : allowInlineToOverride = false : VMs defined inline may NOT replace previous VM definitions
Mon Jan 14 06:10:55 CET 2013   [info] Velocimacro : allowInlineLocal = false : VMs defined inline will be  global in scope if allowed.
Mon Jan 14 06:10:55 CET 2013   [info] Velocimacro : messages on  : VM system will output logging messages
Mon Jan 14 06:10:55 CET 2013   [info] Velocimacro : autoload off  : VM system will not automatically reload global library macros
Mon Jan 14 06:10:55 CET 2013   [info] Velocimacro : initialization complete.
Mon Jan 14 06:10:55 CET 2013   [info] Velocity successfully started.
Mon Jan 14 06:10:55 CET 2013   [info] ResourceManager : found src/main/java/vm_resource/visualizer.vm with loader org.apache.velocity.runtime.resource.loader.FileResourceLoader
Mon Jan 14 06:10:55 CET 2013   [info] ResourceManager : found src/main/java/vm_resource/index.vm with loader org.apache.velocity.runtime.resource.loader.FileResourceLoader
